{"/home/travis/build/npmtest/node-npmtest-react-native/test.js":{"path":"/home/travis/build/npmtest/node-npmtest-react-native/test.js","s":{"1":1,"2":1,"3":1,"4":1,"5":1,"6":1,"7":1,"8":1,"9":1,"10":1,"11":0,"12":0,"13":1,"14":1,"15":1,"16":1,"17":1,"18":1,"19":0,"20":1,"21":1,"22":1,"23":1,"24":0,"25":0,"26":1,"27":0,"28":0,"29":1,"30":0,"31":0,"32":0,"33":0,"34":0,"35":0,"36":1,"37":0,"38":0,"39":1,"40":0,"41":0,"42":1,"43":0,"44":0,"45":1,"46":0,"47":0,"48":1,"49":0,"50":0,"51":1,"52":1},"b":{"1":[1,0,0,0],"2":[1,1,1,1],"3":[0,1],"4":[0,1],"5":[0,0],"6":[1,1],"7":[0,1],"8":[0,1],"9":[0,0,0],"10":[1,1],"11":[1,1],"12":[1,1],"13":[1,1],"14":[1,1],"15":[1,1],"16":[1,1]},"f":{"1":1,"2":1,"3":1,"4":1,"5":1,"6":0,"7":0,"8":0,"9":0,"10":0,"11":0,"12":0},"fnMap":{"1":{"name":"(anonymous_1)","line":12,"loc":{"start":{"line":12,"column":1},"end":{"line":12,"column":13}}},"2":{"name":"(anonymous_2)","line":19,"loc":{"start":{"line":19,"column":5},"end":{"line":19,"column":17}}},"3":{"name":"(anonymous_3)","line":23,"loc":{"start":{"line":23,"column":24},"end":{"line":23,"column":36}}},"4":{"name":"(anonymous_4)","line":61,"loc":{"start":{"line":61,"column":5},"end":{"line":61,"column":17}}},"5":{"name":"(anonymous_5)","line":82,"loc":{"start":{"line":82,"column":5},"end":{"line":82,"column":17}}},"6":{"name":"(anonymous_6)","line":102,"loc":{"start":{"line":102,"column":83},"end":{"line":105,"column":10}},"skip":true},"7":{"name":"(anonymous_7)","line":113,"loc":{"start":{"line":113,"column":77},"end":{"line":116,"column":10}},"skip":true},"8":{"name":"(anonymous_8)","line":129,"loc":{"start":{"line":129,"column":12},"end":{"line":129,"column":40}},"skip":true},"9":{"name":"(anonymous_9)","line":137,"loc":{"start":{"line":137,"column":77},"end":{"line":140,"column":10}},"skip":true},"10":{"name":"(anonymous_10)","line":148,"loc":{"start":{"line":148,"column":83},"end":{"line":151,"column":10}},"skip":true},"11":{"name":"(anonymous_11)","line":159,"loc":{"start":{"line":159,"column":79},"end":{"line":162,"column":10}},"skip":true},"12":{"name":"(anonymous_12)","line":170,"loc":{"start":{"line":170,"column":75},"end":{"line":173,"column":10}},"skip":true}},"statementMap":{"1":{"start":{"line":12,"column":0},"end":{"line":185,"column":5}},"2":{"start":{"line":14,"column":4},"end":{"line":14,"column":14}},"3":{"start":{"line":19,"column":4},"end":{"line":56,"column":9}},"4":{"start":{"line":21,"column":8},"end":{"line":21,"column":19}},"5":{"start":{"line":23,"column":8},"end":{"line":35,"column":13}},"6":{"start":{"line":24,"column":12},"end":{"line":34,"column":13}},"7":{"start":{"line":25,"column":16},"end":{"line":28,"column":30}},"8":{"start":{"line":30,"column":16},"end":{"line":33,"column":27}},"9":{"start":{"line":37,"column":8},"end":{"line":39,"column":21}},"10":{"start":{"line":40,"column":8},"end":{"line":53,"column":9}},"11":{"start":{"line":43,"column":12},"end":{"line":46,"column":14}},"12":{"start":{"line":47,"column":12},"end":{"line":47,"column":18}},"13":{"start":{"line":50,"column":12},"end":{"line":51,"column":46}},"14":{"start":{"line":52,"column":12},"end":{"line":52,"column":18}},"15":{"start":{"line":55,"column":8},"end":{"line":55,"column":35}},"16":{"start":{"line":61,"column":4},"end":{"line":63,"column":9}},"17":{"start":{"line":62,"column":8},"end":{"line":62,"column":15}},"18":{"start":{"line":64,"column":4},"end":{"line":77,"column":5}},"19":{"start":{"line":70,"column":8},"end":{"line":70,"column":14}},"20":{"start":{"line":76,"column":8},"end":{"line":76,"column":14}},"21":{"start":{"line":82,"column":4},"end":{"line":84,"column":9}},"22":{"start":{"line":83,"column":8},"end":{"line":83,"column":15}},"23":{"start":{"line":85,"column":4},"end":{"line":184,"column":5}},"24":{"start":{"line":92,"column":8},"end":{"line":94,"column":63}},"25":{"start":{"line":95,"column":8},"end":{"line":95,"column":14}},"26":{"start":{"line":102,"column":8},"end":{"line":111,"column":10},"skip":true},"27":{"start":{"line":109,"column":12},"end":{"line":109,"column":55},"skip":true},"28":{"start":{"line":110,"column":12},"end":{"line":110,"column":48},"skip":true},"29":{"start":{"line":113,"column":8},"end":{"line":126,"column":10},"skip":true},"30":{"start":{"line":120,"column":12},"end":{"line":120,"column":76},"skip":true},"31":{"start":{"line":121,"column":12},"end":{"line":121,"column":73},"skip":true},"32":{"start":{"line":122,"column":12},"end":{"line":122,"column":74},"skip":true},"33":{"start":{"line":123,"column":12},"end":{"line":123,"column":79},"skip":true},"34":{"start":{"line":124,"column":12},"end":{"line":124,"column":25},"skip":true},"35":{"start":{"line":125,"column":12},"end":{"line":125,"column":45},"skip":true},"36":{"start":{"line":128,"column":8},"end":{"line":135,"column":14},"skip":true},"37":{"start":{"line":133,"column":16},"end":{"line":133,"column":29},"skip":true},"38":{"start":{"line":134,"column":16},"end":{"line":134,"column":55},"skip":true},"39":{"start":{"line":137,"column":8},"end":{"line":146,"column":10},"skip":true},"40":{"start":{"line":144,"column":12},"end":{"line":144,"column":25},"skip":true},"41":{"start":{"line":145,"column":12},"end":{"line":145,"column":45},"skip":true},"42":{"start":{"line":148,"column":8},"end":{"line":157,"column":10},"skip":true},"43":{"start":{"line":155,"column":12},"end":{"line":155,"column":25},"skip":true},"44":{"start":{"line":156,"column":12},"end":{"line":156,"column":48},"skip":true},"45":{"start":{"line":159,"column":8},"end":{"line":168,"column":10},"skip":true},"46":{"start":{"line":166,"column":12},"end":{"line":166,"column":25},"skip":true},"47":{"start":{"line":167,"column":12},"end":{"line":167,"column":46},"skip":true},"48":{"start":{"line":170,"column":8},"end":{"line":179,"column":10},"skip":true},"49":{"start":{"line":177,"column":12},"end":{"line":177,"column":94},"skip":true},"50":{"start":{"line":178,"column":12},"end":{"line":178,"column":48},"skip":true},"51":{"start":{"line":182,"column":8},"end":{"line":182,"column":35},"skip":true},"52":{"start":{"line":183,"column":8},"end":{"line":183,"column":14},"skip":true}},"branchMap":{"1":{"line":25,"type":"binary-expr","locations":[{"start":{"line":25,"column":23},"end":{"line":25,"column":62}},{"start":{"line":26,"column":20},"end":{"line":26,"column":70}},{"start":{"line":27,"column":20},"end":{"line":27,"column":71}},{"start":{"line":28,"column":20},"end":{"line":28,"column":29}}]},"2":{"line":30,"type":"binary-expr","locations":[{"start":{"line":30,"column":23},"end":{"line":30,"column":37}},{"start":{"line":31,"column":20},"end":{"line":31,"column":61}},{"start":{"line":32,"column":20},"end":{"line":32,"column":70}},{"start":{"line":33,"column":20},"end":{"line":33,"column":26}}]},"3":{"line":37,"type":"cond-expr","locations":[{"start":{"line":38,"column":14},"end":{"line":38,"column":20}},{"start":{"line":39,"column":14},"end":{"line":39,"column":20}}]},"4":{"line":40,"type":"switch","locations":[{"start":{"line":42,"column":8},"end":{"line":47,"column":18}},{"start":{"line":49,"column":8},"end":{"line":52,"column":18}}]},"5":{"line":44,"type":"binary-expr","locations":[{"start":{"line":44,"column":16},"end":{"line":44,"column":44}},{"start":{"line":44,"column":48},"end":{"line":44,"column":66}}]},"6":{"line":50,"type":"binary-expr","locations":[{"start":{"line":50,"column":21},"end":{"line":50,"column":49}},{"start":{"line":50,"column":53},"end":{"line":50,"column":72}}]},"7":{"line":64,"type":"switch","locations":[{"start":{"line":69,"column":4},"end":{"line":70,"column":14}},{"start":{"line":75,"column":4},"end":{"line":76,"column":14}}]},"8":{"line":85,"type":"switch","locations":[{"start":{"line":90,"column":4},"end":{"line":95,"column":14}},{"start":{"line":101,"column":4},"end":{"line":183,"column":14},"skip":true}]},"9":{"line":92,"type":"binary-expr","locations":[{"start":{"line":92,"column":18},"end":{"line":92,"column":32}},{"start":{"line":93,"column":12},"end":{"line":93,"column":53}},{"start":{"line":94,"column":12},"end":{"line":94,"column":61}}]},"10":{"line":102,"type":"binary-expr","locations":[{"start":{"line":102,"column":45},"end":{"line":102,"column":79},"skip":true},{"start":{"line":102,"column":83},"end":{"line":111,"column":9},"skip":true}]},"11":{"line":113,"type":"binary-expr","locations":[{"start":{"line":113,"column":42},"end":{"line":113,"column":73},"skip":true},{"start":{"line":113,"column":77},"end":{"line":126,"column":9},"skip":true}]},"12":{"line":128,"type":"binary-expr","locations":[{"start":{"line":128,"column":48},"end":{"line":128,"column":85},"skip":true},{"start":{"line":129,"column":12},"end":{"line":135,"column":13},"skip":true}]},"13":{"line":137,"type":"binary-expr","locations":[{"start":{"line":137,"column":42},"end":{"line":137,"column":73},"skip":true},{"start":{"line":137,"column":77},"end":{"line":146,"column":9},"skip":true}]},"14":{"line":148,"type":"binary-expr","locations":[{"start":{"line":148,"column":45},"end":{"line":148,"column":79},"skip":true},{"start":{"line":148,"column":83},"end":{"line":157,"column":9},"skip":true}]},"15":{"line":159,"type":"binary-expr","locations":[{"start":{"line":159,"column":43},"end":{"line":159,"column":75},"skip":true},{"start":{"line":159,"column":79},"end":{"line":168,"column":9},"skip":true}]},"16":{"line":170,"type":"binary-expr","locations":[{"start":{"line":170,"column":41},"end":{"line":170,"column":71},"skip":true},{"start":{"line":170,"column":75},"end":{"line":179,"column":9},"skip":true}]}},"code":["/* istanbul instrument in package npmtest_react_native */","/*jslint","    bitwise: true,","    browser: true,","    maxerr: 8,","    maxlen: 96,","    node: true,","    nomen: true,","    regexp: true,","    stupid: true","*/","(function () {","    'use strict';","    var local;","","","","    // run shared js-env code - pre-init","    (function () {","        // init local","        local = {};","        // init modeJs","        local.modeJs = (function () {","            try {","                return typeof navigator.userAgent === 'string' &&","                    typeof document.querySelector('body') === 'object' &&","                    typeof XMLHttpRequest.prototype.open === 'function' &&","                    'browser';","            } catch (errorCaughtBrowser) {","                return module.exports &&","                    typeof process.versions.node === 'string' &&","                    typeof require('http').createServer === 'function' &&","                    'node';","            }","        }());","        // init global","        local.global = local.modeJs === 'browser'","            ? window","            : global;","        switch (local.modeJs) {","        // re-init local from window.local","        case 'browser':","            local = local.global.utility2.objectSetDefault(","                local.global.utility2_rollup || local.global.local,","                local.global.utility2","            );","            break;","        // re-init local from example.js","        case 'node':","            local = (local.global.utility2_rollup || require('utility2'))","                .requireExampleJsFromReadme();","            break;","        }","        // export local","        local.global.local = local;","    }());","","","","    // run shared js-env code - function","    (function () {","        return;","    }());","    switch (local.modeJs) {","","","","    // run browser js-env code - function","    case 'browser':","        break;","","","","    // run node js-env code - function","    case 'node':","        break;","    }","","","","    // run shared js-env code - post-init","    (function () {","        return;","    }());","    switch (local.modeJs) {","","","","    // run browser js-env code - post-init","    case 'browser':","        // run tests","        local.nop(local.modeTest &&","            document.querySelector('#testRunButton1') &&","            document.querySelector('#testRunButton1').click());","        break;","","","","    // run node js-env code - post-init","    /* istanbul ignore next */","    case 'node':","        local.testCase_buildApidoc_default = local.testCase_buildApidoc_default || function (","            options,","            onError","        ) {","        /*","         * this function will test buildApidoc's default handling-behavior-behavior","         */","            options = { modulePathList: module.paths };","            local.buildApidoc(options, onError);","        };","","        local.testCase_buildApp_default = local.testCase_buildApp_default || function (","            options,","            onError","        ) {","        /*","         * this function will test buildApp's default handling-behavior-behavior","         */","            local.testCase_buildReadme_default(options, local.onErrorThrow);","            local.testCase_buildLib_default(options, local.onErrorThrow);","            local.testCase_buildTest_default(options, local.onErrorThrow);","            local.testCase_buildCustomOrg_default(options, local.onErrorThrow);","            options = [];","            local.buildApp(options, onError);","        };","","        local.testCase_buildCustomOrg_default = local.testCase_buildCustomOrg_default ||","            function (options, onError) {","            /*","             * this function will test buildCustomOrg's default handling-behavior","             */","                options = {};","                local.buildCustomOrg(options, onError);","            };","","        local.testCase_buildLib_default = local.testCase_buildLib_default || function (","            options,","            onError","        ) {","        /*","         * this function will test buildLib's default handling-behavior","         */","            options = {};","            local.buildLib(options, onError);","        };","","        local.testCase_buildReadme_default = local.testCase_buildReadme_default || function (","            options,","            onError","        ) {","        /*","         * this function will test buildReadme's default handling-behavior-behavior","         */","            options = {};","            local.buildReadme(options, onError);","        };","","        local.testCase_buildTest_default = local.testCase_buildTest_default || function (","            options,","            onError","        ) {","        /*","         * this function will test buildTest's default handling-behavior","         */","            options = {};","            local.buildTest(options, onError);","        };","","        local.testCase_webpage_default = local.testCase_webpage_default || function (","            options,","            onError","        ) {","        /*","         * this function will test webpage's default handling-behavior","         */","            options = { modeCoverageMerge: true, url: local.serverLocalHost + '?modeTest=1' };","            local.browserTest(options, onError);","        };","","        // run test-server","        local.testRunServer(local);","        break;","    }","}());",""],"l":{"12":1,"14":1,"19":1,"21":1,"23":1,"24":1,"25":1,"30":1,"37":1,"40":1,"43":0,"47":0,"50":1,"52":1,"55":1,"61":1,"62":1,"64":1,"70":0,"76":1,"82":1,"83":1,"85":1,"92":0,"95":0,"102":1,"109":1,"110":1,"113":1,"120":1,"121":1,"122":1,"123":1,"124":1,"125":1,"128":1,"133":1,"134":1,"137":1,"144":1,"145":1,"148":1,"155":1,"156":1,"159":1,"166":1,"167":1,"170":1,"177":1,"178":1,"182":1,"183":1}},"/home/travis/build/npmtest/node-npmtest-react-native/lib.npmtest_react_native.js":{"path":"/home/travis/build/npmtest/node-npmtest-react-native/lib.npmtest_react_native.js","s":{"1":1,"2":1,"3":1,"4":1,"5":1,"6":1,"7":1,"8":1,"9":1,"10":1,"11":1,"12":1,"13":0,"14":1,"15":1,"16":1},"b":{"1":[1,0,0,0],"2":[1,1,1,1],"3":[0,1],"4":[1,1],"5":[0,1]},"f":{"1":1,"2":1,"3":1},"fnMap":{"1":{"name":"(anonymous_1)","line":12,"loc":{"start":{"line":12,"column":1},"end":{"line":12,"column":13}}},"2":{"name":"(anonymous_2)","line":19,"loc":{"start":{"line":19,"column":5},"end":{"line":19,"column":17}}},"3":{"name":"(anonymous_3)","line":23,"loc":{"start":{"line":23,"column":24},"end":{"line":23,"column":36}}}},"statementMap":{"1":{"start":{"line":12,"column":0},"end":{"line":53,"column":5}},"2":{"start":{"line":14,"column":4},"end":{"line":14,"column":14}},"3":{"start":{"line":19,"column":4},"end":{"line":52,"column":9}},"4":{"start":{"line":21,"column":8},"end":{"line":21,"column":19}},"5":{"start":{"line":23,"column":8},"end":{"line":35,"column":13}},"6":{"start":{"line":24,"column":12},"end":{"line":34,"column":13}},"7":{"start":{"line":25,"column":16},"end":{"line":28,"column":30}},"8":{"start":{"line":30,"column":16},"end":{"line":33,"column":27}},"9":{"start":{"line":37,"column":8},"end":{"line":39,"column":21}},"10":{"start":{"line":41,"column":8},"end":{"line":41,"column":54}},"11":{"start":{"line":43,"column":8},"end":{"line":43,"column":57}},"12":{"start":{"line":45,"column":8},"end":{"line":51,"column":9}},"13":{"start":{"line":46,"column":12},"end":{"line":46,"column":63}},"14":{"start":{"line":48,"column":12},"end":{"line":48,"column":35}},"15":{"start":{"line":49,"column":12},"end":{"line":49,"column":49}},"16":{"start":{"line":50,"column":12},"end":{"line":50,"column":43}}},"branchMap":{"1":{"line":25,"type":"binary-expr","locations":[{"start":{"line":25,"column":23},"end":{"line":25,"column":62}},{"start":{"line":26,"column":20},"end":{"line":26,"column":70}},{"start":{"line":27,"column":20},"end":{"line":27,"column":71}},{"start":{"line":28,"column":20},"end":{"line":28,"column":29}}]},"2":{"line":30,"type":"binary-expr","locations":[{"start":{"line":30,"column":23},"end":{"line":30,"column":37}},{"start":{"line":31,"column":20},"end":{"line":31,"column":61}},{"start":{"line":32,"column":20},"end":{"line":32,"column":70}},{"start":{"line":33,"column":20},"end":{"line":33,"column":26}}]},"3":{"line":37,"type":"cond-expr","locations":[{"start":{"line":38,"column":14},"end":{"line":38,"column":20}},{"start":{"line":39,"column":14},"end":{"line":39,"column":20}}]},"4":{"line":41,"type":"binary-expr","locations":[{"start":{"line":41,"column":16},"end":{"line":41,"column":44}},{"start":{"line":41,"column":48},"end":{"line":41,"column":53}}]},"5":{"line":45,"type":"if","locations":[{"start":{"line":45,"column":8},"end":{"line":45,"column":8}},{"start":{"line":45,"column":8},"end":{"line":45,"column":8}}]}},"code":["/* istanbul instrument in package npmtest_react_native */","/*jslint","    bitwise: true,","    browser: true,","    maxerr: 8,","    maxlen: 96,","    node: true,","    nomen: true,","    regexp: true,","    stupid: true","*/","(function () {","    'use strict';","    var local;","","","","    // run shared js-env code - pre-init","    (function () {","        // init local","        local = {};","        // init modeJs","        local.modeJs = (function () {","            try {","                return typeof navigator.userAgent === 'string' &&","                    typeof document.querySelector('body') === 'object' &&","                    typeof XMLHttpRequest.prototype.open === 'function' &&","                    'browser';","            } catch (errorCaughtBrowser) {","                return module.exports &&","                    typeof process.versions.node === 'string' &&","                    typeof require('http').createServer === 'function' &&","                    'node';","            }","        }());","        // init global","        local.global = local.modeJs === 'browser'","            ? window","            : global;","        // init utility2_rollup","        local = local.global.utility2_rollup || local;","        // init lib","        local.local = local.npmtest_react_native = local;","        // init exports","        if (local.modeJs === 'browser') {","            local.global.utility2_npmtest_react_native = local;","        } else {","            module.exports = local;","            module.exports.__dirname = __dirname;","            module.exports.module = module;","        }","    }());","}());",""],"l":{"12":1,"14":1,"19":1,"21":1,"23":1,"24":1,"25":1,"30":1,"37":1,"41":1,"43":1,"45":1,"46":0,"48":1,"49":1,"50":1}},"/home/travis/build/npmtest/node-npmtest-react-native/example.js":{"path":"/home/travis/build/npmtest/node-npmtest-react-native/example.js","s":{"1":1,"2":1,"3":1,"4":1,"5":1,"6":1,"7":1,"8":1,"9":1,"10":1,"11":1,"12":1,"13":0,"14":0,"15":0,"16":0,"17":0,"18":0,"19":0,"20":0,"21":0,"22":0,"23":0,"24":0,"25":0,"26":0,"27":0,"28":0,"29":0,"30":0,"31":0,"32":0,"33":0,"34":0,"35":0,"36":0,"37":0,"38":0,"39":0,"40":0,"41":0,"42":0,"43":0,"44":0,"45":0,"46":0,"47":0,"48":0,"49":0,"50":1,"51":1,"52":1,"53":1,"54":1,"55":1,"56":1,"57":0,"58":1,"59":6,"60":6,"61":1,"62":2,"63":0,"64":2,"65":1,"66":1,"67":0,"68":0,"69":0,"70":0,"71":0,"72":0,"73":0,"74":0,"75":0,"76":0,"77":0,"78":0,"79":0,"80":0,"81":0,"82":0,"83":0},"b":{"1":[1,0,0,0],"2":[1,1,1,1],"3":[0,1],"4":[1,1],"5":[0,1],"6":[0,1],"7":[0,0],"8":[0,0,0,0,0,0],"9":[0,0,0],"10":[0,0],"11":[0,0,0],"12":[0,0],"13":[0,0],"14":[0,0,0,0,0,0,0],"15":[0,0],"16":[0,0],"17":[1,1],"18":[0,1],"19":[1,2,0,2],"20":[1,0],"21":[1,1],"22":[0,0],"23":[0,0],"24":[0,0],"25":[0,0],"26":[0,0],"27":[0,0],"28":[0,0]},"f":{"1":1,"2":1,"3":1,"4":0,"5":0,"6":0,"7":0,"8":0,"9":0,"10":0,"11":6,"12":0},"fnMap":{"1":{"name":"(anonymous_1)","line":26,"loc":{"start":{"line":26,"column":1},"end":{"line":26,"column":13}}},"2":{"name":"(anonymous_2)","line":33,"loc":{"start":{"line":33,"column":5},"end":{"line":33,"column":17}}},"3":{"name":"(anonymous_3)","line":37,"loc":{"start":{"line":37,"column":24},"end":{"line":37,"column":36}}},"4":{"name":"(anonymous_4)","line":69,"loc":{"start":{"line":69,"column":31},"end":{"line":69,"column":48}},"skip":true},"5":{"name":"(anonymous_5)","line":78,"loc":{"start":{"line":78,"column":26},"end":{"line":78,"column":45}},"skip":true},"6":{"name":"(anonymous_6)","line":123,"loc":{"start":{"line":123,"column":33},"end":{"line":123,"column":48}},"skip":true},"7":{"name":"(anonymous_7)","line":125,"loc":{"start":{"line":125,"column":27},"end":{"line":125,"column":39}},"skip":true},"8":{"name":"(anonymous_8)","line":133,"loc":{"start":{"line":133,"column":59},"end":{"line":133,"column":74}},"skip":true},"9":{"name":"(anonymous_9)","line":143,"loc":{"start":{"line":143,"column":45},"end":{"line":143,"column":62}},"skip":true},"10":{"name":"(anonymous_10)","line":144,"loc":{"start":{"line":144,"column":73},"end":{"line":144,"column":92}},"skip":true},"11":{"name":"(anonymous_11)","line":272,"loc":{"start":{"line":272,"column":51},"end":{"line":272,"column":77}},"skip":true},"12":{"name":"(anonymous_12)","line":314,"loc":{"start":{"line":314,"column":32},"end":{"line":314,"column":61}},"skip":true}},"statementMap":{"1":{"start":{"line":26,"column":0},"end":{"line":325,"column":5}},"2":{"start":{"line":28,"column":4},"end":{"line":28,"column":14}},"3":{"start":{"line":33,"column":4},"end":{"line":60,"column":9}},"4":{"start":{"line":35,"column":8},"end":{"line":35,"column":19}},"5":{"start":{"line":37,"column":8},"end":{"line":49,"column":13}},"6":{"start":{"line":38,"column":12},"end":{"line":48,"column":13}},"7":{"start":{"line":39,"column":16},"end":{"line":42,"column":30}},"8":{"start":{"line":44,"column":16},"end":{"line":47,"column":27}},"9":{"start":{"line":51,"column":8},"end":{"line":53,"column":21}},"10":{"start":{"line":55,"column":8},"end":{"line":57,"column":45}},"11":{"start":{"line":59,"column":8},"end":{"line":59,"column":35}},"12":{"start":{"line":61,"column":4},"end":{"line":324,"column":5}},"13":{"start":{"line":69,"column":8},"end":{"line":121,"column":10},"skip":true},"14":{"start":{"line":70,"column":12},"end":{"line":88,"column":13},"skip":true},"15":{"start":{"line":76,"column":16},"end":{"line":87,"column":19},"skip":true},"16":{"start":{"line":79,"column":20},"end":{"line":86,"column":21},"skip":true},"17":{"start":{"line":82,"column":24},"end":{"line":82,"column":43},"skip":true},"18":{"start":{"line":83,"column":24},"end":{"line":83,"column":30},"skip":true},"19":{"start":{"line":85,"column":24},"end":{"line":85,"column":49},"skip":true},"20":{"start":{"line":89,"column":12},"end":{"line":107,"column":13},"skip":true},"21":{"start":{"line":92,"column":16},"end":{"line":102,"column":17},"skip":true},"22":{"start":{"line":93,"column":20},"end":{"line":93,"column":86},"skip":true},"23":{"start":{"line":94,"column":20},"end":{"line":95,"column":45},"skip":true},"24":{"start":{"line":96,"column":20},"end":{"line":96,"column":42},"skip":true},"25":{"start":{"line":97,"column":20},"end":{"line":97,"column":48},"skip":true},"26":{"start":{"line":100,"column":20},"end":{"line":100,"column":85},"skip":true},"27":{"start":{"line":101,"column":20},"end":{"line":101,"column":96},"skip":true},"28":{"start":{"line":103,"column":16},"end":{"line":103,"column":22},"skip":true},"29":{"start":{"line":106,"column":16},"end":{"line":106,"column":22},"skip":true},"30":{"start":{"line":108,"column":12},"end":{"line":120,"column":13},"skip":true},"31":{"start":{"line":114,"column":16},"end":{"line":119,"column":17},"skip":true},"32":{"start":{"line":116,"column":20},"end":{"line":116,"column":78},"skip":true},"33":{"start":{"line":118,"column":20},"end":{"line":118,"column":47},"skip":true},"34":{"start":{"line":123,"column":8},"end":{"line":141,"column":11},"skip":true},"35":{"start":{"line":124,"column":12},"end":{"line":124,"column":54},"skip":true},"36":{"start":{"line":125,"column":12},"end":{"line":140,"column":14},"skip":true},"37":{"start":{"line":126,"column":16},"end":{"line":126,"column":28},"skip":true},"38":{"start":{"line":127,"column":16},"end":{"line":127,"column":69},"skip":true},"39":{"start":{"line":128,"column":16},"end":{"line":128,"column":75},"skip":true},"40":{"start":{"line":129,"column":16},"end":{"line":131,"column":17},"skip":true},"41":{"start":{"line":130,"column":20},"end":{"line":130,"column":27},"skip":true},"42":{"start":{"line":133,"column":16},"end":{"line":137,"column":36},"skip":true},"43":{"start":{"line":134,"column":20},"end":{"line":136,"column":55},"skip":true},"44":{"start":{"line":139,"column":16},"end":{"line":139,"column":57},"skip":true},"45":{"start":{"line":143,"column":8},"end":{"line":147,"column":11},"skip":true},"46":{"start":{"line":144,"column":12},"end":{"line":146,"column":15},"skip":true},"47":{"start":{"line":145,"column":16},"end":{"line":145,"column":70},"skip":true},"48":{"start":{"line":149,"column":8},"end":{"line":149,"column":31},"skip":true},"49":{"start":{"line":150,"column":8},"end":{"line":150,"column":14},"skip":true},"50":{"start":{"line":158,"column":8},"end":{"line":158,"column":31},"skip":true},"51":{"start":{"line":160,"column":8},"end":{"line":160,"column":33},"skip":true},"52":{"start":{"line":161,"column":8},"end":{"line":161,"column":37},"skip":true},"53":{"start":{"line":162,"column":8},"end":{"line":162,"column":35},"skip":true},"54":{"start":{"line":164,"column":8},"end":{"line":164,"column":50},"skip":true},"55":{"start":{"line":166,"column":8},"end":{"line":256,"column":2},"skip":true},"56":{"start":{"line":258,"column":8},"end":{"line":286,"column":9},"skip":true},"57":{"start":{"line":259,"column":12},"end":{"line":269,"column":14},"skip":true},"58":{"start":{"line":271,"column":12},"end":{"line":285,"column":19},"skip":true},"59":{"start":{"line":274,"column":20},"end":{"line":274,"column":35},"skip":true},"60":{"start":{"line":275,"column":20},"end":{"line":284,"column":21},"skip":true},"61":{"start":{"line":277,"column":24},"end":{"line":277,"column":64},"skip":true},"62":{"start":{"line":279,"column":24},"end":{"line":279,"column":40},"skip":true},"63":{"start":{"line":281,"column":24},"end":{"line":281,"column":40},"skip":true},"64":{"start":{"line":283,"column":24},"end":{"line":283,"column":39},"skip":true},"65":{"start":{"line":288,"column":8},"end":{"line":290,"column":9},"skip":true},"66":{"start":{"line":289,"column":12},"end":{"line":289,"column":18},"skip":true},"67":{"start":{"line":291,"column":8},"end":{"line":293,"column":54},"skip":true},"68":{"start":{"line":294,"column":8},"end":{"line":301,"column":37},"skip":true},"69":{"start":{"line":302,"column":8},"end":{"line":302,"column":82},"skip":true},"70":{"start":{"line":305,"column":8},"end":{"line":307,"column":9},"skip":true},"71":{"start":{"line":306,"column":12},"end":{"line":306,"column":82},"skip":true},"72":{"start":{"line":309,"column":8},"end":{"line":311,"column":9},"skip":true},"73":{"start":{"line":310,"column":12},"end":{"line":310,"column":18},"skip":true},"74":{"start":{"line":312,"column":8},"end":{"line":312,"column":54},"skip":true},"75":{"start":{"line":313,"column":8},"end":{"line":313,"column":69},"skip":true},"76":{"start":{"line":314,"column":8},"end":{"line":322,"column":36},"skip":true},"77":{"start":{"line":315,"column":12},"end":{"line":315,"column":61},"skip":true},"78":{"start":{"line":316,"column":12},"end":{"line":319,"column":13},"skip":true},"79":{"start":{"line":317,"column":16},"end":{"line":317,"column":75},"skip":true},"80":{"start":{"line":318,"column":16},"end":{"line":318,"column":23},"skip":true},"81":{"start":{"line":320,"column":12},"end":{"line":320,"column":38},"skip":true},"82":{"start":{"line":321,"column":12},"end":{"line":321,"column":27},"skip":true},"83":{"start":{"line":323,"column":8},"end":{"line":323,"column":14},"skip":true}},"branchMap":{"1":{"line":39,"type":"binary-expr","locations":[{"start":{"line":39,"column":23},"end":{"line":39,"column":62}},{"start":{"line":40,"column":20},"end":{"line":40,"column":70}},{"start":{"line":41,"column":20},"end":{"line":41,"column":71}},{"start":{"line":42,"column":20},"end":{"line":42,"column":29}}]},"2":{"line":44,"type":"binary-expr","locations":[{"start":{"line":44,"column":23},"end":{"line":44,"column":37}},{"start":{"line":45,"column":20},"end":{"line":45,"column":61}},{"start":{"line":46,"column":20},"end":{"line":46,"column":70}},{"start":{"line":47,"column":20},"end":{"line":47,"column":26}}]},"3":{"line":51,"type":"cond-expr","locations":[{"start":{"line":52,"column":14},"end":{"line":52,"column":20}},{"start":{"line":53,"column":14},"end":{"line":53,"column":20}}]},"4":{"line":55,"type":"binary-expr","locations":[{"start":{"line":55,"column":16},"end":{"line":55,"column":44}},{"start":{"line":55,"column":49},"end":{"line":57,"column":43}}]},"5":{"line":55,"type":"cond-expr","locations":[{"start":{"line":56,"column":14},"end":{"line":56,"column":56}},{"start":{"line":57,"column":14},"end":{"line":57,"column":43}}]},"6":{"line":61,"type":"switch","locations":[{"start":{"line":68,"column":4},"end":{"line":150,"column":14},"skip":true},{"start":{"line":156,"column":4},"end":{"line":323,"column":14},"skip":true}]},"7":{"line":70,"type":"if","locations":[{"start":{"line":70,"column":12},"end":{"line":70,"column":12},"skip":true},{"start":{"line":70,"column":12},"end":{"line":70,"column":12},"skip":true}]},"8":{"line":70,"type":"binary-expr","locations":[{"start":{"line":70,"column":16},"end":{"line":70,"column":22},"skip":true},{"start":{"line":70,"column":27},"end":{"line":70,"column":32},"skip":true},{"start":{"line":71,"column":20},"end":{"line":71,"column":39},"skip":true},{"start":{"line":72,"column":20},"end":{"line":72,"column":49},"skip":true},{"start":{"line":73,"column":20},"end":{"line":73,"column":58},"skip":true},{"start":{"line":74,"column":20},"end":{"line":74,"column":69},"skip":true}]},"9":{"line":79,"type":"switch","locations":[{"start":{"line":80,"column":20},"end":{"line":80,"column":33},"skip":true},{"start":{"line":81,"column":20},"end":{"line":83,"column":30},"skip":true},{"start":{"line":84,"column":20},"end":{"line":85,"column":49},"skip":true}]},"10":{"line":89,"type":"switch","locations":[{"start":{"line":90,"column":12},"end":{"line":103,"column":22},"skip":true},{"start":{"line":105,"column":12},"end":{"line":106,"column":22},"skip":true}]},"11":{"line":89,"type":"binary-expr","locations":[{"start":{"line":89,"column":20},"end":{"line":89,"column":25},"skip":true},{"start":{"line":89,"column":29},"end":{"line":89,"column":48},"skip":true},{"start":{"line":89,"column":52},"end":{"line":89,"column":74},"skip":true}]},"12":{"line":92,"type":"if","locations":[{"start":{"line":92,"column":16},"end":{"line":92,"column":16},"skip":true},{"start":{"line":92,"column":16},"end":{"line":92,"column":16},"skip":true}]},"13":{"line":108,"type":"if","locations":[{"start":{"line":108,"column":12},"end":{"line":108,"column":12},"skip":true},{"start":{"line":108,"column":12},"end":{"line":108,"column":12},"skip":true}]},"14":{"line":108,"type":"binary-expr","locations":[{"start":{"line":108,"column":16},"end":{"line":108,"column":61},"skip":true},{"start":{"line":108,"column":66},"end":{"line":108,"column":72},"skip":true},{"start":{"line":108,"column":77},"end":{"line":108,"column":82},"skip":true},{"start":{"line":109,"column":20},"end":{"line":109,"column":39},"skip":true},{"start":{"line":110,"column":20},"end":{"line":110,"column":49},"skip":true},{"start":{"line":111,"column":20},"end":{"line":111,"column":58},"skip":true},{"start":{"line":112,"column":20},"end":{"line":112,"column":68},"skip":true}]},"15":{"line":129,"type":"if","locations":[{"start":{"line":129,"column":16},"end":{"line":129,"column":16},"skip":true},{"start":{"line":129,"column":16},"end":{"line":129,"column":16},"skip":true}]},"16":{"line":134,"type":"cond-expr","locations":[{"start":{"line":135,"column":26},"end":{"line":135,"column":29},"skip":true},{"start":{"line":136,"column":26},"end":{"line":136,"column":54},"skip":true}]},"17":{"line":164,"type":"binary-expr","locations":[{"start":{"line":164,"column":27},"end":{"line":164,"column":43},"skip":true},{"start":{"line":164,"column":47},"end":{"line":164,"column":49},"skip":true}]},"18":{"line":258,"type":"if","locations":[{"start":{"line":258,"column":8},"end":{"line":258,"column":8},"skip":true},{"start":{"line":258,"column":8},"end":{"line":258,"column":8},"skip":true}]},"19":{"line":275,"type":"switch","locations":[{"start":{"line":276,"column":20},"end":{"line":277,"column":64},"skip":true},{"start":{"line":278,"column":20},"end":{"line":279,"column":40},"skip":true},{"start":{"line":280,"column":20},"end":{"line":281,"column":40},"skip":true},{"start":{"line":282,"column":20},"end":{"line":283,"column":39},"skip":true}]},"20":{"line":288,"type":"if","locations":[{"start":{"line":288,"column":8},"end":{"line":288,"column":8},"skip":true},{"start":{"line":288,"column":8},"end":{"line":288,"column":8},"skip":true}]},"21":{"line":288,"type":"binary-expr","locations":[{"start":{"line":288,"column":12},"end":{"line":288,"column":40},"skip":true},{"start":{"line":288,"column":44},"end":{"line":288,"column":67},"skip":true}]},"22":{"line":292,"type":"binary-expr","locations":[{"start":{"line":292,"column":12},"end":{"line":292,"column":50},"skip":true},{"start":{"line":293,"column":12},"end":{"line":293,"column":53},"skip":true}]},"23":{"line":295,"type":"binary-expr","locations":[{"start":{"line":295,"column":12},"end":{"line":295,"column":70},"skip":true},{"start":{"line":296,"column":12},"end":{"line":301,"column":36},"skip":true}]},"24":{"line":302,"type":"binary-expr","locations":[{"start":{"line":302,"column":43},"end":{"line":302,"column":75},"skip":true},{"start":{"line":302,"column":79},"end":{"line":302,"column":81},"skip":true}]},"25":{"line":305,"type":"if","locations":[{"start":{"line":305,"column":8},"end":{"line":305,"column":8},"skip":true},{"start":{"line":305,"column":8},"end":{"line":305,"column":8},"skip":true}]},"26":{"line":309,"type":"if","locations":[{"start":{"line":309,"column":8},"end":{"line":309,"column":8},"skip":true},{"start":{"line":309,"column":8},"end":{"line":309,"column":8},"skip":true}]},"27":{"line":312,"type":"binary-expr","locations":[{"start":{"line":312,"column":27},"end":{"line":312,"column":43},"skip":true},{"start":{"line":312,"column":47},"end":{"line":312,"column":53},"skip":true}]},"28":{"line":316,"type":"if","locations":[{"start":{"line":316,"column":12},"end":{"line":316,"column":12},"skip":true},{"start":{"line":316,"column":12},"end":{"line":316,"column":12},"skip":true}]}},"code":["/*","example.js","","quickstart example","","instruction","    1. save this script as example.js","    2. run the shell command:","        $ npm install npmtest-react-native && PORT=8081 node example.js","    3. play with the browser-demo on http://127.0.0.1:8081","*/","","","","/* istanbul instrument in package npmtest_react_native */","/*jslint","    bitwise: true,","    browser: true,","    maxerr: 8,","    maxlen: 96,","    node: true,","    nomen: true,","    regexp: true,","    stupid: true","*/","(function () {","    'use strict';","    var local;","","","","    // run shared js-env code - pre-init","    (function () {","        // init local","        local = {};","        // init modeJs","        local.modeJs = (function () {","            try {","                return typeof navigator.userAgent === 'string' &&","                    typeof document.querySelector('body') === 'object' &&","                    typeof XMLHttpRequest.prototype.open === 'function' &&","                    'browser';","            } catch (errorCaughtBrowser) {","                return module.exports &&","                    typeof process.versions.node === 'string' &&","                    typeof require('http').createServer === 'function' &&","                    'node';","            }","        }());","        // init global","        local.global = local.modeJs === 'browser'","            ? window","            : global;","        // init utility2_rollup","        local = local.global.utility2_rollup || (local.modeJs === 'browser'","            ? local.global.utility2_npmtest_react_native","            : global.utility2_moduleExports);","        // export local","        local.global.local = local;","    }());","    switch (local.modeJs) {","","","","    // post-init","    // run browser js-env code - post-init","    /* istanbul ignore next */","    case 'browser':","        local.testRunBrowser = function (event) {","            if (!event || (event &&","                    event.currentTarget &&","                    event.currentTarget.className &&","                    event.currentTarget.className.includes &&","                    event.currentTarget.className.includes('onreset'))) {","                // reset output","                Array.from(","                    document.querySelectorAll('body > .resettable')","                ).forEach(function (element) {","                    switch (element.tagName) {","                    case 'INPUT':","                    case 'TEXTAREA':","                        element.value = '';","                        break;","                    default:","                        element.textContent = '';","                    }","                });","            }","            switch (event && event.currentTarget && event.currentTarget.id) {","            case 'testRunButton1':","                // show tests","                if (document.querySelector('#testReportDiv1').style.display === 'none') {","                    document.querySelector('#testReportDiv1').style.display = 'block';","                    document.querySelector('#testRunButton1').textContent =","                        'hide internal test';","                    local.modeTest = true;","                    local.testRunDefault(local);","                // hide tests","                } else {","                    document.querySelector('#testReportDiv1').style.display = 'none';","                    document.querySelector('#testRunButton1').textContent = 'run internal test';","                }","                break;","            // custom-case","            default:","                break;","            }","            if (document.querySelector('#inputTextareaEval1') && (!event || (event &&","                    event.currentTarget &&","                    event.currentTarget.className &&","                    event.currentTarget.className.includes &&","                    event.currentTarget.className.includes('oneval')))) {","                // try to eval input-code","                try {","                    /*jslint evil: true*/","                    eval(document.querySelector('#inputTextareaEval1').value);","                } catch (errorCaught) {","                    console.error(errorCaught);","                }","            }","        };","        // log stderr and stdout to #outputTextareaStdout1","        ['error', 'log'].forEach(function (key) {","            console[key + '_original'] = console[key];","            console[key] = function () {","                var element;","                console[key + '_original'].apply(console, arguments);","                element = document.querySelector('#outputTextareaStdout1');","                if (!element) {","                    return;","                }","                // append text to #outputTextareaStdout1","                element.value += Array.from(arguments).map(function (arg) {","                    return typeof arg === 'string'","                        ? arg","                        : JSON.stringify(arg, null, 4);","                }).join(' ') + '\\n';","                // scroll textarea to bottom","                element.scrollTop = element.scrollHeight;","            };","        });","        // init event-handling","        ['change', 'click', 'keyup'].forEach(function (event) {","            Array.from(document.querySelectorAll('.on' + event)).forEach(function (element) {","                element.addEventListener(event, local.testRunBrowser);","            });","        });","        // run tests","        local.testRunBrowser();","        break;","","","","    // run node js-env code - post-init","    /* istanbul ignore next */","    case 'node':","        // export local","        module.exports = local;","        // require modules","        local.fs = require('fs');","        local.http = require('http');","        local.url = require('url');","        // init assets","        local.assetsDict = local.assetsDict || {};","        /* jslint-ignore-begin */","        local.assetsDict['/assets.index.template.html'] = '\\","<!doctype html>\\n\\","<html lang=\"en\">\\n\\","<head>\\n\\","<meta charset=\"UTF-8\">\\n\\","<meta name=\"viewport\" content=\"width=device-width, initial-scale=1\">\\n\\","<title>{{env.npm_package_name}} (v{{env.npm_package_version}})</title>\\n\\","<style>\\n\\","/*csslint\\n\\","    box-sizing: false,\\n\\","    universal-selector: false\\n\\","*/\\n\\","* {\\n\\","    box-sizing: border-box;\\n\\","}\\n\\","body {\\n\\","    background: #dde;\\n\\","    font-family: Arial, Helvetica, sans-serif;\\n\\","    margin: 2rem;\\n\\","}\\n\\","body > * {\\n\\","    margin-bottom: 1rem;\\n\\","}\\n\\",".utility2FooterDiv {\\n\\","    margin-top: 20px;\\n\\","    text-align: center;\\n\\","}\\n\\","</style>\\n\\","<style>\\n\\","/*csslint\\n\\","*/\\n\\","textarea {\\n\\","    font-family: monospace;\\n\\","    height: 10rem;\\n\\","    width: 100%;\\n\\","}\\n\\","textarea[readonly] {\\n\\","    background: #ddd;\\n\\","}\\n\\","</style>\\n\\","</head>\\n\\","<body>\\n\\","<!-- utility2-comment\\n\\","<div id=\"ajaxProgressDiv1\" style=\"background: #d00; height: 2px; left: 0; margin: 0; padding: 0; position: fixed; top: 0; transition: background 0.5s, width 1.5s; width: 25%;\"></div>\\n\\","utility2-comment -->\\n\\","<h1>\\n\\","<!-- utility2-comment\\n\\","    <a\\n\\","        {{#if env.npm_package_homepage}}\\n\\","        href=\"{{env.npm_package_homepage}}\"\\n\\","        {{/if env.npm_package_homepage}}\\n\\","        target=\"_blank\"\\n\\","    >\\n\\","utility2-comment -->\\n\\","        {{env.npm_package_name}} (v{{env.npm_package_version}})\\n\\","<!-- utility2-comment\\n\\","    </a>\\n\\","utility2-comment -->\\n\\","</h1>\\n\\","<h3>{{env.npm_package_description}}</h3>\\n\\","<!-- utility2-comment\\n\\","<h4><a download href=\"assets.app.js\">download standalone app</a></h4>\\n\\","<button class=\"onclick onreset\" id=\"testRunButton1\">run internal test</button><br>\\n\\","<div id=\"testReportDiv1\" style=\"display: none;\"></div>\\n\\","utility2-comment -->\\n\\","\\n\\","\\n\\","\\n\\","<label>stderr and stdout</label>\\n\\","<textarea class=\"resettable\" id=\"outputTextareaStdout1\" readonly></textarea>\\n\\","<!-- utility2-comment\\n\\","{{#if isRollup}}\\n\\","<script src=\"assets.app.js\"></script>\\n\\","{{#unless isRollup}}\\n\\","utility2-comment -->\\n\\","<script src=\"assets.utility2.rollup.js\"></script>\\n\\","<script src=\"jsonp.utility2._stateInit?callback=window.utility2._stateInit\"></script>\\n\\","<script src=\"assets.npmtest_react_native.rollup.js\"></script>\\n\\","<script src=\"assets.example.js\"></script>\\n\\","<script src=\"assets.test.js\"></script>\\n\\","<!-- utility2-comment\\n\\","{{/if isRollup}}\\n\\","utility2-comment -->\\n\\","<div class=\"utility2FooterDiv\">\\n\\","    [ this app was created with\\n\\","    <a href=\"https://github.com/kaizhu256/node-utility2\" target=\"_blank\">utility2</a>\\n\\","    ]\\n\\","</div>\\n\\","</body>\\n\\","</html>\\n\\","';","        /* jslint-ignore-end */","        if (local.templateRender) {","            local.assetsDict['/'] = local.templateRender(","                local.assetsDict['/assets.index.template.html'],","                {","                    env: local.objectSetDefault(local.env, {","                        npm_package_description: 'the greatest app in the world!',","                        npm_package_name: 'my-app',","                        npm_package_nameAlias: 'my_app',","                        npm_package_version: '0.0.1'","                    })","                }","            );","        } else {","            local.assetsDict['/'] = local.assetsDict['/assets.index.template.html']","                .replace((/\\{\\{env\\.(\\w+?)\\}\\}/g), function (match0, match1) {","                    // jslint-hack","                    String(match0);","                    switch (match1) {","                    case 'npm_package_description':","                        return 'the greatest app in the world!';","                    case 'npm_package_name':","                        return 'my-app';","                    case 'npm_package_nameAlias':","                        return 'my_app';","                    case 'npm_package_version':","                        return '0.0.1';","                    }","                });","        }","        // run the cli","        if (local.global.utility2_rollup || module !== require.main) {","            break;","        }","        local.assetsDict['/assets.example.js'] =","            local.assetsDict['/assets.example.js'] ||","            local.fs.readFileSync(__filename, 'utf8');","        local.assetsDict['/assets.npmtest_react_native.rollup.js'] =","            local.assetsDict['/assets.npmtest_react_native.rollup.js'] ||","            local.fs.readFileSync(","                // buildCustomOrg-hack","                local.npmtest_react_native.__dirname +","                    '/lib.npmtest_react_native.js',","                'utf8'","            ).replace((/^#!/), '//');","        local.assetsDict['/favicon.ico'] = local.assetsDict['/favicon.ico'] || '';","        // if $npm_config_timeout_exit exists,","        // then exit this process after $npm_config_timeout_exit ms","        if (Number(process.env.npm_config_timeout_exit)) {","            setTimeout(process.exit, Number(process.env.npm_config_timeout_exit));","        }","        // start server","        if (local.global.utility2_serverHttp1) {","            break;","        }","        process.env.PORT = process.env.PORT || '8081';","        console.error('server starting on port ' + process.env.PORT);","        local.http.createServer(function (request, response) {","            request.urlParsed = local.url.parse(request.url);","            if (local.assetsDict[request.urlParsed.pathname] !== undefined) {","                response.end(local.assetsDict[request.urlParsed.pathname]);","                return;","            }","            response.statusCode = 404;","            response.end();","        }).listen(process.env.PORT);","        break;","    }","}());",""],"l":{"26":1,"28":1,"33":1,"35":1,"37":1,"38":1,"39":1,"44":1,"51":1,"55":1,"59":1,"61":1,"69":1,"70":1,"76":1,"79":1,"82":1,"83":1,"85":1,"89":1,"92":1,"93":1,"94":1,"96":1,"97":1,"100":1,"101":1,"103":1,"106":1,"108":1,"114":1,"116":1,"118":1,"123":1,"124":1,"125":1,"126":1,"127":1,"128":1,"129":1,"130":1,"133":1,"134":1,"139":1,"143":1,"144":1,"145":1,"149":1,"150":1,"158":1,"160":1,"161":1,"162":1,"164":1,"166":1,"258":1,"259":1,"271":1,"274":6,"275":6,"277":1,"279":2,"281":1,"283":2,"288":1,"289":1,"291":1,"294":1,"302":1,"305":1,"306":1,"309":1,"310":1,"312":1,"313":1,"314":1,"315":1,"316":1,"317":1,"318":1,"320":1,"321":1,"323":1}},"/home/travis/build/npmtest/node-npmtest-react-native/react-native/Libraries/react-native/react-native-implementation.js":{"path":"/home/travis/build/npmtest/node-npmtest-react-native/react-native/Libraries/react-native/react-native-implementation.js","s":{"1":1,"2":1,"3":0,"4":0,"5":0,"6":0,"7":0,"8":0,"9":0,"10":0,"11":0,"12":0,"13":0,"14":0,"15":0,"16":0,"17":0,"18":0,"19":0,"20":0,"21":0,"22":0,"23":0,"24":0,"25":0,"26":0,"27":0,"28":0,"29":0,"30":0,"31":0,"32":0,"33":0,"34":0,"35":0,"36":0,"37":0,"38":0,"39":0,"40":0,"41":0,"42":0,"43":0,"44":0,"45":0,"46":0,"47":0,"48":0,"49":0,"50":0,"51":0,"52":0,"53":0,"54":0,"55":0,"56":0,"57":0,"58":0,"59":0,"60":0,"61":0,"62":0,"63":0,"64":0,"65":0,"66":0,"67":0,"68":0,"69":0,"70":0,"71":0,"72":0,"73":0,"74":0,"75":0,"76":0,"77":0,"78":0,"79":0,"80":0,"81":0,"82":0,"83":0,"84":0,"85":0,"86":0,"87":0,"88":0,"89":0,"90":0,"91":0,"92":0,"93":0,"94":0,"95":0,"96":0,"97":0,"98":0,"99":0,"100":0,"101":0,"102":0,"103":1,"104":0,"105":0,"106":0,"107":0,"108":0,"109":0,"110":0},"b":{"1":[0,0],"2":[0,0],"3":[0,0]},"f":{"1":0,"2":0,"3":0,"4":0,"5":0,"6":0,"7":0,"8":0,"9":0,"10":0,"11":0,"12":0,"13":0,"14":0,"15":0,"16":0,"17":0,"18":0,"19":0,"20":0,"21":0,"22":0,"23":0,"24":0,"25":0,"26":0,"27":0,"28":0,"29":0,"30":0,"31":0,"32":0,"33":0,"34":0,"35":0,"36":0,"37":0,"38":0,"39":0,"40":0,"41":0,"42":0,"43":0,"44":0,"45":0,"46":0,"47":0,"48":0,"49":0,"50":0,"51":0,"52":0,"53":0,"54":0,"55":0,"56":0,"57":0,"58":0,"59":0,"60":0,"61":0,"62":0,"63":0,"64":0,"65":0,"66":0,"67":0,"68":0,"69":0,"70":0,"71":0,"72":0,"73":0,"74":0,"75":0,"76":0,"77":0,"78":0,"79":0,"80":0,"81":0,"82":0,"83":0,"84":0,"85":0,"86":0,"87":0,"88":0,"89":0,"90":0,"91":0},"fnMap":{"1":{"name":"(anonymous_1)","line":18,"loc":{"start":{"line":18,"column":18},"end":{"line":18,"column":53}}},"2":{"name":"(anonymous_2)","line":31,"loc":{"start":{"line":31,"column":23},"end":{"line":31,"column":26}}},"3":{"name":"(anonymous_3)","line":32,"loc":{"start":{"line":32,"column":23},"end":{"line":32,"column":26}}},"4":{"name":"(anonymous_4)","line":33,"loc":{"start":{"line":33,"column":9},"end":{"line":33,"column":12}}},"5":{"name":"(anonymous_5)","line":34,"loc":{"start":{"line":34,"column":12},"end":{"line":34,"column":15}}},"6":{"name":"(anonymous_6)","line":35,"loc":{"start":{"line":35,"column":19},"end":{"line":35,"column":22}}},"7":{"name":"(anonymous_7)","line":36,"loc":{"start":{"line":36,"column":25},"end":{"line":36,"column":28}}},"8":{"name":"(anonymous_8)","line":37,"loc":{"start":{"line":37,"column":14},"end":{"line":37,"column":17}}},"9":{"name":"(anonymous_9)","line":38,"loc":{"start":{"line":38,"column":11},"end":{"line":38,"column":14}}},"10":{"name":"(anonymous_10)","line":39,"loc":{"start":{"line":39,"column":17},"end":{"line":39,"column":20}}},"11":{"name":"(anonymous_11)","line":40,"loc":{"start":{"line":40,"column":16},"end":{"line":40,"column":19}}},"12":{"name":"(anonymous_12)","line":41,"loc":{"start":{"line":41,"column":26},"end":{"line":41,"column":29}}},"13":{"name":"(anonymous_13)","line":42,"loc":{"start":{"line":42,"column":14},"end":{"line":42,"column":17}}},"14":{"name":"(anonymous_14)","line":43,"loc":{"start":{"line":43,"column":13},"end":{"line":43,"column":16}}},"15":{"name":"(anonymous_15)","line":44,"loc":{"start":{"line":44,"column":11},"end":{"line":44,"column":14}}},"16":{"name":"(anonymous_16)","line":45,"loc":{"start":{"line":45,"column":15},"end":{"line":45,"column":18}}},"17":{"name":"(anonymous_17)","line":46,"loc":{"start":{"line":46,"column":18},"end":{"line":46,"column":21}}},"18":{"name":"(anonymous_18)","line":47,"loc":{"start":{"line":47,"column":12},"end":{"line":47,"column":15}}},"19":{"name":"(anonymous_19)","line":48,"loc":{"start":{"line":48,"column":15},"end":{"line":48,"column":18}}},"20":{"name":"(anonymous_20)","line":49,"loc":{"start":{"line":49,"column":24},"end":{"line":49,"column":27}}},"21":{"name":"(anonymous_21)","line":50,"loc":{"start":{"line":50,"column":21},"end":{"line":50,"column":24}}},"22":{"name":"(anonymous_22)","line":51,"loc":{"start":{"line":51,"column":16},"end":{"line":51,"column":19}}},"23":{"name":"(anonymous_23)","line":52,"loc":{"start":{"line":52,"column":17},"end":{"line":52,"column":20}}},"24":{"name":"(anonymous_24)","line":53,"loc":{"start":{"line":53,"column":25},"end":{"line":53,"column":28}}},"25":{"name":"(anonymous_25)","line":54,"loc":{"start":{"line":54,"column":12},"end":{"line":54,"column":15}}},"26":{"name":"(anonymous_26)","line":55,"loc":{"start":{"line":55,"column":21},"end":{"line":55,"column":24}}},"27":{"name":"(anonymous_27)","line":56,"loc":{"start":{"line":56,"column":12},"end":{"line":56,"column":15}}},"28":{"name":"(anonymous_28)","line":57,"loc":{"start":{"line":57,"column":20},"end":{"line":57,"column":23}}},"29":{"name":"(anonymous_29)","line":58,"loc":{"start":{"line":58,"column":15},"end":{"line":58,"column":18}}},"30":{"name":"(anonymous_30)","line":59,"loc":{"start":{"line":59,"column":23},"end":{"line":59,"column":26}}},"31":{"name":"(anonymous_31)","line":60,"loc":{"start":{"line":60,"column":15},"end":{"line":60,"column":18}}},"32":{"name":"(anonymous_32)","line":61,"loc":{"start":{"line":61,"column":10},"end":{"line":61,"column":13}}},"33":{"name":"(anonymous_33)","line":62,"loc":{"start":{"line":62,"column":15},"end":{"line":62,"column":18}}},"34":{"name":"(anonymous_34)","line":63,"loc":{"start":{"line":63,"column":18},"end":{"line":63,"column":21}}},"35":{"name":"(anonymous_35)","line":64,"loc":{"start":{"line":64,"column":20},"end":{"line":64,"column":23}}},"36":{"name":"(anonymous_36)","line":65,"loc":{"start":{"line":65,"column":15},"end":{"line":65,"column":18}}},"37":{"name":"(anonymous_37)","line":66,"loc":{"start":{"line":66,"column":24},"end":{"line":66,"column":27}}},"38":{"name":"(anonymous_38)","line":67,"loc":{"start":{"line":67,"column":29},"end":{"line":67,"column":32}}},"39":{"name":"(anonymous_39)","line":68,"loc":{"start":{"line":68,"column":22},"end":{"line":68,"column":25}}},"40":{"name":"(anonymous_40)","line":69,"loc":{"start":{"line":69,"column":30},"end":{"line":69,"column":33}}},"41":{"name":"(anonymous_41)","line":70,"loc":{"start":{"line":70,"column":10},"end":{"line":70,"column":13}}},"42":{"name":"(anonymous_42)","line":71,"loc":{"start":{"line":71,"column":22},"end":{"line":71,"column":25}}},"43":{"name":"(anonymous_43)","line":72,"loc":{"start":{"line":72,"column":21},"end":{"line":72,"column":24}}},"44":{"name":"(anonymous_44)","line":73,"loc":{"start":{"line":73,"column":13},"end":{"line":73,"column":16}}},"45":{"name":"(anonymous_45)","line":76,"loc":{"start":{"line":76,"column":20},"end":{"line":76,"column":23}}},"46":{"name":"(anonymous_46)","line":77,"loc":{"start":{"line":77,"column":18},"end":{"line":77,"column":21}}},"47":{"name":"(anonymous_47)","line":78,"loc":{"start":{"line":78,"column":11},"end":{"line":78,"column":14}}},"48":{"name":"(anonymous_48)","line":79,"loc":{"start":{"line":79,"column":14},"end":{"line":79,"column":17}}},"49":{"name":"(anonymous_49)","line":80,"loc":{"start":{"line":80,"column":14},"end":{"line":80,"column":17}}},"50":{"name":"(anonymous_50)","line":81,"loc":{"start":{"line":81,"column":17},"end":{"line":81,"column":20}}},"51":{"name":"(anonymous_51)","line":82,"loc":{"start":{"line":82,"column":14},"end":{"line":82,"column":17}}},"52":{"name":"(anonymous_52)","line":83,"loc":{"start":{"line":83,"column":18},"end":{"line":83,"column":21}}},"53":{"name":"(anonymous_53)","line":84,"loc":{"start":{"line":84,"column":17},"end":{"line":84,"column":20}}},"54":{"name":"(anonymous_54)","line":85,"loc":{"start":{"line":85,"column":16},"end":{"line":85,"column":19}}},"55":{"name":"(anonymous_55)","line":86,"loc":{"start":{"line":86,"column":15},"end":{"line":86,"column":18}}},"56":{"name":"(anonymous_56)","line":87,"loc":{"start":{"line":87,"column":23},"end":{"line":87,"column":26}}},"57":{"name":"(anonymous_57)","line":88,"loc":{"start":{"line":88,"column":16},"end":{"line":88,"column":19}}},"58":{"name":"(anonymous_58)","line":89,"loc":{"start":{"line":89,"column":12},"end":{"line":89,"column":15}}},"59":{"name":"(anonymous_59)","line":90,"loc":{"start":{"line":90,"column":17},"end":{"line":90,"column":20}}},"60":{"name":"(anonymous_60)","line":91,"loc":{"start":{"line":91,"column":20},"end":{"line":91,"column":23}}},"61":{"name":"(anonymous_61)","line":92,"loc":{"start":{"line":92,"column":24},"end":{"line":92,"column":27}}},"62":{"name":"(anonymous_62)","line":93,"loc":{"start":{"line":93,"column":14},"end":{"line":93,"column":17}}},"63":{"name":"(anonymous_63)","line":94,"loc":{"start":{"line":94,"column":21},"end":{"line":94,"column":24}}},"64":{"name":"(anonymous_64)","line":95,"loc":{"start":{"line":95,"column":13},"end":{"line":95,"column":16}}},"65":{"name":"(anonymous_65)","line":96,"loc":{"start":{"line":96,"column":24},"end":{"line":96,"column":27}}},"66":{"name":"(anonymous_66)","line":97,"loc":{"start":{"line":97,"column":28},"end":{"line":97,"column":31}}},"67":{"name":"(anonymous_67)","line":98,"loc":{"start":{"line":98,"column":13},"end":{"line":98,"column":16}}},"68":{"name":"(anonymous_68)","line":99,"loc":{"start":{"line":99,"column":18},"end":{"line":99,"column":21}}},"69":{"name":"(anonymous_69)","line":100,"loc":{"start":{"line":100,"column":24},"end":{"line":100,"column":27}}},"70":{"name":"(anonymous_70)","line":101,"loc":{"start":{"line":101,"column":16},"end":{"line":101,"column":19}}},"71":{"name":"(anonymous_71)","line":102,"loc":{"start":{"line":102,"column":25},"end":{"line":102,"column":28}}},"72":{"name":"(anonymous_72)","line":103,"loc":{"start":{"line":103,"column":14},"end":{"line":103,"column":17}}},"73":{"name":"(anonymous_73)","line":104,"loc":{"start":{"line":104,"column":11},"end":{"line":104,"column":14}}},"74":{"name":"(anonymous_74)","line":105,"loc":{"start":{"line":105,"column":18},"end":{"line":105,"column":21}}},"75":{"name":"(anonymous_75)","line":106,"loc":{"start":{"line":106,"column":16},"end":{"line":106,"column":19}}},"76":{"name":"(anonymous_76)","line":107,"loc":{"start":{"line":107,"column":14},"end":{"line":107,"column":17}}},"77":{"name":"(anonymous_77)","line":108,"loc":{"start":{"line":108,"column":23},"end":{"line":108,"column":26}}},"78":{"name":"(anonymous_78)","line":109,"loc":{"start":{"line":109,"column":15},"end":{"line":109,"column":18}}},"79":{"name":"(anonymous_79)","line":110,"loc":{"start":{"line":110,"column":15},"end":{"line":110,"column":18}}},"80":{"name":"(anonymous_80)","line":111,"loc":{"start":{"line":111,"column":18},"end":{"line":111,"column":21}}},"81":{"name":"(anonymous_81)","line":114,"loc":{"start":{"line":114,"column":24},"end":{"line":114,"column":27}}},"82":{"name":"(anonymous_82)","line":115,"loc":{"start":{"line":115,"column":27},"end":{"line":115,"column":30}}},"83":{"name":"(anonymous_83)","line":116,"loc":{"start":{"line":116,"column":19},"end":{"line":116,"column":22}}},"84":{"name":"(anonymous_84)","line":117,"loc":{"start":{"line":117,"column":14},"end":{"line":117,"column":17}}},"85":{"name":"(anonymous_85)","line":118,"loc":{"start":{"line":118,"column":18},"end":{"line":118,"column":21}}},"86":{"name":"(anonymous_86)","line":119,"loc":{"start":{"line":119,"column":28},"end":{"line":119,"column":31}}},"87":{"name":"(anonymous_87)","line":122,"loc":{"start":{"line":122,"column":19},"end":{"line":122,"column":22}}},"88":{"name":"(anonymous_88)","line":123,"loc":{"start":{"line":123,"column":24},"end":{"line":123,"column":27}}},"89":{"name":"(anonymous_89)","line":124,"loc":{"start":{"line":124,"column":19},"end":{"line":124,"column":22}}},"90":{"name":"(anonymous_90)","line":134,"loc":{"start":{"line":134,"column":9},"end":{"line":134,"column":12}}},"91":{"name":"applyForwarding","line":144,"loc":{"start":{"line":144,"column":0},"end":{"line":144,"column":30}}}},"statementMap":{"1":{"start":{"line":14,"column":0},"end":{"line":14,"column":44}},"2":{"start":{"line":16,"column":0},"end":{"line":26,"column":1}},"3":{"start":{"line":17,"column":2},"end":{"line":17,"column":25}},"4":{"start":{"line":18,"column":2},"end":{"line":25,"column":4}},"5":{"start":{"line":19,"column":4},"end":{"line":23,"column":6}},"6":{"start":{"line":24,"column":4},"end":{"line":24,"column":35}},"7":{"start":{"line":29,"column":0},"end":{"line":125,"column":2}},"8":{"start":{"line":31,"column":28},"end":{"line":31,"column":64}},"9":{"start":{"line":32,"column":28},"end":{"line":32,"column":64}},"10":{"start":{"line":33,"column":14},"end":{"line":33,"column":47}},"11":{"start":{"line":34,"column":17},"end":{"line":34,"column":42}},"12":{"start":{"line":35,"column":24},"end":{"line":35,"column":56}},"13":{"start":{"line":36,"column":30},"end":{"line":36,"column":68}},"14":{"start":{"line":37,"column":19},"end":{"line":37,"column":46}},"15":{"start":{"line":38,"column":16},"end":{"line":38,"column":40}},"16":{"start":{"line":39,"column":22},"end":{"line":39,"column":52}},"17":{"start":{"line":40,"column":21},"end":{"line":40,"column":50}},"18":{"start":{"line":41,"column":31},"end":{"line":41,"column":70}},"19":{"start":{"line":42,"column":19},"end":{"line":42,"column":46}},"20":{"start":{"line":43,"column":18},"end":{"line":43,"column":44}},"21":{"start":{"line":44,"column":16},"end":{"line":44,"column":40}},"22":{"start":{"line":45,"column":20},"end":{"line":45,"column":48}},"23":{"start":{"line":46,"column":23},"end":{"line":46,"column":54}},"24":{"start":{"line":47,"column":17},"end":{"line":47,"column":42}},"25":{"start":{"line":48,"column":20},"end":{"line":48,"column":48}},"26":{"start":{"line":49,"column":29},"end":{"line":49,"column":66}},"27":{"start":{"line":50,"column":26},"end":{"line":50,"column":60}},"28":{"start":{"line":51,"column":21},"end":{"line":51,"column":50}},"29":{"start":{"line":52,"column":22},"end":{"line":52,"column":52}},"30":{"start":{"line":53,"column":30},"end":{"line":53,"column":68}},"31":{"start":{"line":54,"column":17},"end":{"line":54,"column":42}},"32":{"start":{"line":55,"column":26},"end":{"line":55,"column":60}},"33":{"start":{"line":56,"column":17},"end":{"line":56,"column":42}},"34":{"start":{"line":57,"column":25},"end":{"line":57,"column":58}},"35":{"start":{"line":58,"column":20},"end":{"line":58,"column":48}},"36":{"start":{"line":59,"column":28},"end":{"line":59,"column":64}},"37":{"start":{"line":60,"column":20},"end":{"line":60,"column":48}},"38":{"start":{"line":61,"column":15},"end":{"line":61,"column":38}},"39":{"start":{"line":62,"column":20},"end":{"line":62,"column":48}},"40":{"start":{"line":63,"column":23},"end":{"line":63,"column":54}},"41":{"start":{"line":64,"column":25},"end":{"line":64,"column":58}},"42":{"start":{"line":65,"column":20},"end":{"line":65,"column":48}},"43":{"start":{"line":66,"column":29},"end":{"line":66,"column":66}},"44":{"start":{"line":67,"column":34},"end":{"line":67,"column":76}},"45":{"start":{"line":68,"column":27},"end":{"line":68,"column":62}},"46":{"start":{"line":69,"column":35},"end":{"line":69,"column":78}},"47":{"start":{"line":70,"column":15},"end":{"line":70,"column":38}},"48":{"start":{"line":71,"column":27},"end":{"line":71,"column":62}},"49":{"start":{"line":72,"column":26},"end":{"line":72,"column":60}},"50":{"start":{"line":73,"column":18},"end":{"line":73,"column":44}},"51":{"start":{"line":76,"column":25},"end":{"line":76,"column":58}},"52":{"start":{"line":77,"column":23},"end":{"line":77,"column":54}},"53":{"start":{"line":78,"column":16},"end":{"line":78,"column":40}},"54":{"start":{"line":79,"column":19},"end":{"line":79,"column":46}},"55":{"start":{"line":80,"column":19},"end":{"line":80,"column":46}},"56":{"start":{"line":81,"column":22},"end":{"line":81,"column":52}},"57":{"start":{"line":82,"column":19},"end":{"line":82,"column":46}},"58":{"start":{"line":83,"column":23},"end":{"line":83,"column":54}},"59":{"start":{"line":84,"column":22},"end":{"line":84,"column":52}},"60":{"start":{"line":85,"column":21},"end":{"line":85,"column":50}},"61":{"start":{"line":86,"column":20},"end":{"line":86,"column":48}},"62":{"start":{"line":87,"column":28},"end":{"line":87,"column":64}},"63":{"start":{"line":88,"column":21},"end":{"line":88,"column":50}},"64":{"start":{"line":89,"column":17},"end":{"line":89,"column":42}},"65":{"start":{"line":90,"column":22},"end":{"line":90,"column":52}},"66":{"start":{"line":91,"column":25},"end":{"line":91,"column":58}},"67":{"start":{"line":92,"column":29},"end":{"line":92,"column":66}},"68":{"start":{"line":93,"column":19},"end":{"line":93,"column":46}},"69":{"start":{"line":94,"column":26},"end":{"line":94,"column":60}},"70":{"start":{"line":95,"column":18},"end":{"line":95,"column":44}},"71":{"start":{"line":96,"column":29},"end":{"line":96,"column":66}},"72":{"start":{"line":97,"column":33},"end":{"line":97,"column":74}},"73":{"start":{"line":98,"column":18},"end":{"line":98,"column":44}},"74":{"start":{"line":99,"column":23},"end":{"line":99,"column":54}},"75":{"start":{"line":100,"column":29},"end":{"line":100,"column":66}},"76":{"start":{"line":101,"column":21},"end":{"line":101,"column":50}},"77":{"start":{"line":102,"column":30},"end":{"line":102,"column":68}},"78":{"start":{"line":103,"column":19},"end":{"line":103,"column":46}},"79":{"start":{"line":104,"column":16},"end":{"line":104,"column":40}},"80":{"start":{"line":105,"column":23},"end":{"line":105,"column":54}},"81":{"start":{"line":106,"column":21},"end":{"line":106,"column":50}},"82":{"start":{"line":107,"column":19},"end":{"line":107,"column":46}},"83":{"start":{"line":108,"column":28},"end":{"line":108,"column":64}},"84":{"start":{"line":109,"column":20},"end":{"line":109,"column":48}},"85":{"start":{"line":110,"column":20},"end":{"line":110,"column":48}},"86":{"start":{"line":111,"column":23},"end":{"line":111,"column":54}},"87":{"start":{"line":114,"column":29},"end":{"line":114,"column":69}},"88":{"start":{"line":115,"column":32},"end":{"line":115,"column":75}},"89":{"start":{"line":116,"column":24},"end":{"line":116,"column":56}},"90":{"start":{"line":117,"column":19},"end":{"line":117,"column":46}},"91":{"start":{"line":118,"column":23},"end":{"line":118,"column":54}},"92":{"start":{"line":119,"column":33},"end":{"line":119,"column":74}},"93":{"start":{"line":122,"column":24},"end":{"line":122,"column":56}},"94":{"start":{"line":123,"column":29},"end":{"line":123,"column":66}},"95":{"start":{"line":124,"column":24},"end":{"line":124,"column":56}},"96":{"start":{"line":128,"column":0},"end":{"line":139,"column":1}},"97":{"start":{"line":129,"column":2},"end":{"line":129,"column":63}},"98":{"start":{"line":130,"column":2},"end":{"line":130,"column":51}},"99":{"start":{"line":132,"column":2},"end":{"line":138,"column":3}},"100":{"start":{"line":133,"column":4},"end":{"line":137,"column":7}},"101":{"start":{"line":134,"column":14},"end":{"line":134,"column":40}},"102":{"start":{"line":143,"column":0},"end":{"line":143,"column":51}},"103":{"start":{"line":144,"column":0},"end":{"line":154,"column":1}},"104":{"start":{"line":145,"column":2},"end":{"line":152,"column":3}},"105":{"start":{"line":146,"column":4},"end":{"line":150,"column":6}},"106":{"start":{"line":151,"column":4},"end":{"line":151,"column":11}},"107":{"start":{"line":153,"column":2},"end":{"line":153,"column":46}},"108":{"start":{"line":155,"column":0},"end":{"line":157,"column":1}},"109":{"start":{"line":156,"column":2},"end":{"line":156,"column":23}},"110":{"start":{"line":158,"column":0},"end":{"line":158,"column":29}}},"branchMap":{"1":{"line":16,"type":"if","locations":[{"start":{"line":16,"column":0},"end":{"line":16,"column":0}},{"start":{"line":16,"column":0},"end":{"line":16,"column":0}}]},"2":{"line":128,"type":"if","locations":[{"start":{"line":128,"column":0},"end":{"line":128,"column":0}},{"start":{"line":128,"column":0},"end":{"line":128,"column":0}}]},"3":{"line":145,"type":"if","locations":[{"start":{"line":145,"column":2},"end":{"line":145,"column":2}},{"start":{"line":145,"column":2},"end":{"line":145,"column":2}}]}},"code":["/**"," * Copyright (c) 2015-present, Facebook, Inc."," * All rights reserved."," *"," * This source code is licensed under the BSD-style license found in the"," * LICENSE file in the root directory of this source tree. An additional grant"," * of patent rights can be found in the PATENTS file in the same directory."," *"," * @providesModule react-native-implementation"," * @noflow - get/set properties not yet supported by flow. also `...require(x)` is broken #6560135"," */","'use strict';","","const warning = require('fbjs/lib/warning');","","if (__DEV__) {","  var warningDedupe = {};","  var addonWarn = function(prevName, newPackageName) {","    warning(","      warningDedupe[prevName],","      'React.addons.' + prevName + ' is deprecated. Please import the \"' +","      newPackageName + '\" package instead.'","    );","    warningDedupe[prevName] = true;","  };","}","","// Export React, plus some native additions.","const ReactNative = {","  // Components","  get AccessibilityInfo() { return require('AccessibilityInfo'); },","  get ActivityIndicator() { return require('ActivityIndicator'); },","  get ART() { return require('ReactNativeART'); },","  get Button() { return require('Button'); },","  get DatePickerIOS() { return require('DatePickerIOS'); },","  get DrawerLayoutAndroid() { return require('DrawerLayoutAndroid'); },","  get FlatList() { return require('FlatList'); },","  get Image() { return require('Image'); },","  get ImageEditor() { return require('ImageEditor'); },","  get ImageStore() { return require('ImageStore'); },","  get KeyboardAvoidingView() { return require('KeyboardAvoidingView'); },","  get ListView() { return require('ListView'); },","  get MapView() { return require('MapView'); },","  get Modal() { return require('Modal'); },","  get Navigator() { return require('Navigator'); },","  get NavigatorIOS() { return require('NavigatorIOS'); },","  get Picker() { return require('Picker'); },","  get PickerIOS() { return require('PickerIOS'); },","  get ProgressBarAndroid() { return require('ProgressBarAndroid'); },","  get ProgressViewIOS() { return require('ProgressViewIOS'); },","  get ScrollView() { return require('ScrollView'); },","  get SectionList() { return require('SectionList'); },","  get SegmentedControlIOS() { return require('SegmentedControlIOS'); },","  get Slider() { return require('Slider'); },","  get SnapshotViewIOS() { return require('SnapshotViewIOS'); },","  get Switch() { return require('Switch'); },","  get RefreshControl() { return require('RefreshControl'); },","  get StatusBar() { return require('StatusBar'); },","  get SwipeableListView() { return require('SwipeableListView'); },","  get TabBarIOS() { return require('TabBarIOS'); },","  get Text() { return require('Text'); },","  get TextInput() { return require('TextInput'); },","  get ToastAndroid() { return require('ToastAndroid'); },","  get ToolbarAndroid() { return require('ToolbarAndroid'); },","  get Touchable() { return require('Touchable'); },","  get TouchableHighlight() { return require('TouchableHighlight'); },","  get TouchableNativeFeedback() { return require('TouchableNativeFeedback'); },","  get TouchableOpacity() { return require('TouchableOpacity'); },","  get TouchableWithoutFeedback() { return require('TouchableWithoutFeedback'); },","  get View() { return require('View'); },","  get ViewPagerAndroid() { return require('ViewPagerAndroid'); },","  get VirtualizedList() { return require('VirtualizedList'); },","  get WebView() { return require('WebView'); },","","  // APIs","  get ActionSheetIOS() { return require('ActionSheetIOS'); },","  get AdSupportIOS() { return require('AdSupportIOS'); },","  get Alert() { return require('Alert'); },","  get AlertIOS() { return require('AlertIOS'); },","  get Animated() { return require('Animated'); },","  get AppRegistry() { return require('AppRegistry'); },","  get AppState() { return require('AppState'); },","  get AsyncStorage() { return require('AsyncStorage'); },","  get BackAndroid() { return require('BackAndroid'); },","  get CameraRoll() { return require('CameraRoll'); },","  get Clipboard() { return require('Clipboard'); },","  get DatePickerAndroid() { return require('DatePickerAndroid'); },","  get Dimensions() { return require('Dimensions'); },","  get Easing() { return require('Easing'); },","  get I18nManager() { return require('I18nManager'); },","  get ImagePickerIOS() { return require('ImagePickerIOS'); },","  get InteractionManager() { return require('InteractionManager'); },","  get Keyboard() { return require('Keyboard'); },","  get LayoutAnimation() { return require('LayoutAnimation'); },","  get Linking() { return require('Linking'); },","  get NativeEventEmitter() { return require('NativeEventEmitter'); },","  get NavigationExperimental() { return require('NavigationExperimental'); },","  get NetInfo() { return require('NetInfo'); },","  get PanResponder() { return require('PanResponder'); },","  get PermissionsAndroid() { return require('PermissionsAndroid'); },","  get PixelRatio() { return require('PixelRatio'); },","  get PushNotificationIOS() { return require('PushNotificationIOS'); },","  get Settings() { return require('Settings'); },","  get Share() { return require('Share'); },","  get StatusBarIOS() { return require('StatusBarIOS'); },","  get StyleSheet() { return require('StyleSheet'); },","  get Systrace() { return require('Systrace'); },","  get TimePickerAndroid() { return require('TimePickerAndroid'); },","  get UIManager() { return require('UIManager'); },","  get Vibration() { return require('Vibration'); },","  get VibrationIOS() { return require('VibrationIOS'); },","","  // Plugins","  get DeviceEventEmitter() { return require('RCTDeviceEventEmitter'); },","  get NativeAppEventEmitter() { return require('RCTNativeAppEventEmitter'); },","  get NativeModules() { return require('NativeModules'); },","  get Platform() { return require('Platform'); },","  get processColor() { return require('processColor'); },","  get requireNativeComponent() { return require('requireNativeComponent'); },","","  // Prop Types","  get ColorPropType() { return require('ColorPropType'); },","  get EdgeInsetsPropType() { return require('EdgeInsetsPropType'); },","  get PointPropType() { return require('PointPropType'); },","};","","// Better error messages when accessing React APIs on ReactNative","if (__DEV__) {","  const throwOnWrongReactAPI = require('throwOnWrongReactAPI');","  const reactAPIs = [ 'createClass', 'Component' ];","","  for (const key of reactAPIs) {","    Object.defineProperty(ReactNative, key, {","      get() { throwOnWrongReactAPI(key); },","      enumerable: false,","      configurable: false,","    });","  }","}","","// Preserve getters with warnings on the internal ReactNative copy without","// invoking them.","const ReactNativeInternal = require('ReactNative');","function applyForwarding(key) {","  if (__DEV__) {","    Object.defineProperty(","      ReactNative,","      key,","      Object.getOwnPropertyDescriptor(ReactNativeInternal, key)","    );","    return;","  }","  ReactNative[key] = ReactNativeInternal[key];","}","for (const key in ReactNativeInternal) {","  applyForwarding(key);","}","module.exports = ReactNative;",""],"l":{"14":1,"16":1,"17":0,"18":0,"19":0,"24":0,"29":0,"31":0,"32":0,"33":0,"34":0,"35":0,"36":0,"37":0,"38":0,"39":0,"40":0,"41":0,"42":0,"43":0,"44":0,"45":0,"46":0,"47":0,"48":0,"49":0,"50":0,"51":0,"52":0,"53":0,"54":0,"55":0,"56":0,"57":0,"58":0,"59":0,"60":0,"61":0,"62":0,"63":0,"64":0,"65":0,"66":0,"67":0,"68":0,"69":0,"70":0,"71":0,"72":0,"73":0,"76":0,"77":0,"78":0,"79":0,"80":0,"81":0,"82":0,"83":0,"84":0,"85":0,"86":0,"87":0,"88":0,"89":0,"90":0,"91":0,"92":0,"93":0,"94":0,"95":0,"96":0,"97":0,"98":0,"99":0,"100":0,"101":0,"102":0,"103":0,"104":0,"105":0,"106":0,"107":0,"108":0,"109":0,"110":0,"111":0,"114":0,"115":0,"116":0,"117":0,"118":0,"119":0,"122":0,"123":0,"124":0,"128":0,"129":0,"130":0,"132":0,"133":0,"134":0,"143":0,"144":1,"145":0,"146":0,"151":0,"153":0,"155":0,"156":0,"158":0}}}